
Showing logs for build [32mcb-kubecd-bdd-ghfjxy-1568368509-fqfb2-3[0m stage [32mmeta-pipeline[0m and container [32mstep-credential-initializer-42z85[0m
{"level":"warn","ts":1568368916.9319992,"logger":"fallback-logger","caller":"logging/config.go:69","msg":"Fetch GitHub commit ID from kodata failed: \"ref: refs/heads/master\" is not a valid GitHub commit ID"}
{"level":"info","ts":1568368916.9326472,"logger":"fallback-logger","caller":"creds-init/main.go:40","msg":"Credentials initialized."}

Showing logs for build [32mcb-kubecd-bdd-ghfjxy-1568368509-fqfb2-3[0m stage [32mmeta-pipeline[0m and container [32mstep-working-dir-initializer-dkr8s[0m
{"level":"warn","ts":1568368917.9276676,"logger":"fallback-logger","caller":"logging/config.go:69","msg":"Fetch GitHub commit ID from kodata failed: open /var/run/ko/HEAD: no such file or directory"}
{"level":"info","ts":1568368917.9320626,"logger":"fallback-logger","caller":"bash/main.go:65","msg":"Successfully executed command \"mkdir -p /workspace/source\""}

Showing logs for build [32mcb-kubecd-bdd-ghfjxy-1568368509-fqfb2-3[0m stage [32mmeta-pipeline[0m and container [32mstep-place-tools[0m

Showing logs for build [32mcb-kubecd-bdd-ghfjxy-1568368509-fqfb2-3[0m stage [32mmeta-pipeline[0m and container [32mstep-git-source-meta-cb-kubecd-bdd-ghfjxy-15683-z64ln[0m
{"level":"warn","ts":1568368921.9984596,"logger":"fallback-logger","caller":"logging/config.go:69","msg":"Fetch GitHub commit ID from kodata failed: \"ref: refs/heads/master\" is not a valid GitHub commit ID"}
{"level":"info","ts":1568368923.0676744,"logger":"fallback-logger","caller":"git/git.go:102","msg":"Successfully cloned https://github.com/cb-kubecd/bdd-ghf**y-1568368509.git @ 33cfc883c4bfa6255213e6114018f8d061b6876e in path /workspace/source"}

Showing logs for build [32mcb-kubecd-bdd-ghfjxy-1568368509-fqfb2-3[0m stage [32mmeta-pipeline[0m and container [32mstep-git-merge[0m
Using SHAs from PULL_REFS=master:33cfc883c4bfa6255213e6114018f8d061b6876e,1:dc8679e29731559852dcf5f9de380f25c1ed966b
DEBUG: ran git fetch --unshallow origin dc8679e29731559852dcf5f9de380f25c1ed966b: 33cfc883c4bfa6255213e6114018f8d061b6876e: in 
DEBUG: ran git checkout master in 
DEBUG: ran git reset --hard 33cfc883c4bfa6255213e6114018f8d061b6876e in 
DEBUG: ran clean --force -d . in 
DEBUG: ran git merge dc8679e29731559852dcf5f9de380f25c1ed966b in 
Merged SHA dc8679e29731559852dcf5f9de380f25c1ed966b with commit message 'My first PR commit' into base branch master

Showing logs for build [32mcb-kubecd-bdd-ghfjxy-1568368509-fqfb2-3[0m stage [32mmeta-pipeline[0m and container [32mstep-merge-pull-refs[0m
DEBUG: ran git fetch origin dc8679e29731559852dcf5f9de380f25c1ed966b: 33cfc883c4bfa6255213e6114018f8d061b6876e: in 
DEBUG: Unshallowed git repo in 
DEBUG: ran git checkout master in 
DEBUG: ran git reset --hard 33cfc883c4bfa6255213e6114018f8d061b6876e in 
DEBUG: ran clean --force -d . in 
DEBUG: ran git merge dc8679e29731559852dcf5f9de380f25c1ed966b in 
Merged SHA dc8679e29731559852dcf5f9de380f25c1ed966b with commit message 'My first PR commit' into base branch master

Showing logs for build [32mcb-kubecd-bdd-ghfjxy-1568368509-fqfb2-3[0m stage [32mmeta-pipeline[0m and container [32mstep-create-effective-pipeline[0m
Deleting and cloning the Jenkins X versions repo
Cloning the Jenkins X versions repo https://github.com/jenkins-x/jenkins-x-versions.git with ref refs/heads/master to /builder/home/.**/jenkins-x-versions
performing pack detection in folder /workspace/source
--> Draft detected YAML (67.752116%)
--> Could not find a pack for YAML. Trying to find the next likely language match...
--> Draft detected RPM Spec (14.854397%)
--> Could not find a pack for RPM Spec. Trying to find the next likely language match...
--> Draft detected Coq (6.799598%)
--> Could not find a pack for Coq. Trying to find the next likely language match...
--> Draft detected Smarty (3.701047%)
--> Could not find a pack for Smarty. Trying to find the next likely language match...
--> Draft detected Go (2.904892%)
selected pack: /builder/home/.**/draft/packs/github.com/jenkins-x-buildpacks/jenkins-x-kubernetes/packs/go
Effective pipeline written to jenkins-x-serverless-jenkins-effective.yml

Showing logs for build [32mcb-kubecd-bdd-ghfjxy-1568368509-fqfb2-3[0m stage [32mmeta-pipeline[0m and container [32mstep-create-tekton-crds[0m
PipelineActivity for cb-kubecd-bdd-ghf**y-1568368509-PR-1-3
Applying changes 
upserted PipelineResource cb-kubecd-bdd-ghf**y-1568368509 for the git repository https://github.com/cb-kubecd/bdd-ghf**y-1568368509.git
upserted Task cb-kubecd-bdd-ghf**y-1568368509-fqfb2-run-make-3
upserted Task cb-kubecd-bdd-ghf**y-1568368509-fqfb2-everything-else-3
upserted Pipeline cb-kubecd-bdd-ghf**y-1568368509-fqfb2-3
created PipelineRun cb-kubecd-bdd-ghf**y-1568368509-fqfb2-3
created PipelineStructure cb-kubecd-bdd-ghf**y-1568368509-fqfb2-3

Showing logs for build [32mcb-kubecd-bdd-ghfjxy-1568368509-fqfb2-3[0m stage [32mrun-make[0m and container [32mstep-credential-initializer-dcsnr[0m
{"level":"warn","ts":1568368946.5461917,"logger":"fallback-logger","caller":"logging/config.go:69","msg":"Fetch GitHub commit ID from kodata failed: \"ref: refs/heads/master\" is not a valid GitHub commit ID"}
{"level":"info","ts":1568368946.5469198,"logger":"fallback-logger","caller":"creds-init/main.go:40","msg":"Credentials initialized."}

Showing logs for build [32mcb-kubecd-bdd-ghfjxy-1568368509-fqfb2-3[0m stage [32mrun-make[0m and container [32mstep-working-dir-initializer-gdblz[0m
{"level":"warn","ts":1568368947.5232573,"logger":"fallback-logger","caller":"logging/config.go:69","msg":"Fetch GitHub commit ID from kodata failed: open /var/run/ko/HEAD: no such file or directory"}
{"level":"info","ts":1568368947.524683,"logger":"fallback-logger","caller":"bash/main.go:65","msg":"Successfully executed command \"mkdir -p /workspace/source\""}

Showing logs for build [32mcb-kubecd-bdd-ghfjxy-1568368509-fqfb2-3[0m stage [32mrun-make[0m and container [32mstep-place-tools[0m

Showing logs for build [32mcb-kubecd-bdd-ghfjxy-1568368509-fqfb2-3[0m stage [32mrun-make[0m and container [32mstep-git-source-cb-kubecd-bdd-ghfjxy-1568368509-pj59x[0m
{"level":"warn","ts":1568368953.5763185,"logger":"fallback-logger","caller":"logging/config.go:69","msg":"Fetch GitHub commit ID from kodata failed: \"ref: refs/heads/master\" is not a valid GitHub commit ID"}
{"level":"info","ts":1568368954.7177835,"logger":"fallback-logger","caller":"git/git.go:102","msg":"Successfully cloned https://github.com/cb-kubecd/bdd-ghf**y-1568368509.git @ master in path /workspace/source"}

Showing logs for build [32mcb-kubecd-bdd-ghfjxy-1568368509-fqfb2-3[0m stage [32mrun-make[0m and container [32mstep-git-merge[0m
Using SHAs from PULL_REFS=master:33cfc883c4bfa6255213e6114018f8d061b6876e,1:dc8679e29731559852dcf5f9de380f25c1ed966b
DEBUG: ran git fetch --unshallow origin dc8679e29731559852dcf5f9de380f25c1ed966b: 33cfc883c4bfa6255213e6114018f8d061b6876e: in 
DEBUG: ran git checkout master in 
DEBUG: ran git reset --hard 33cfc883c4bfa6255213e6114018f8d061b6876e in 
DEBUG: ran clean --force -d . in 
DEBUG: ran git merge dc8679e29731559852dcf5f9de380f25c1ed966b in 
Merged SHA dc8679e29731559852dcf5f9de380f25c1ed966b with commit message 'My first PR commit' into base branch master

Showing logs for build [32mcb-kubecd-bdd-ghfjxy-1568368509-fqfb2-3[0m stage [32mrun-make[0m and container [32mstep-build-make-linux[0m
CGO_ENABLED=0 GOOS=linux GOARCH=amd64 GO15VENDOREXPERIMENT=1 go build -ldflags '' -o bin/bdd-ghf**y-1568368509 main.go

Showing logs for build [32mcb-kubecd-bdd-ghfjxy-1568368509-fqfb2-3[0m stage [32mrun-make[0m and container [32mstep-source-mkdir-cb-kubecd-bdd-ghfjxy-1568368509-dm9rq[0m
{"level":"warn","ts":1568368982.0672793,"logger":"fallback-logger","caller":"logging/config.go:69","msg":"Fetch GitHub commit ID from kodata failed: open /var/run/ko/HEAD: no such file or directory"}
{"level":"info","ts":1568368982.086355,"logger":"fallback-logger","caller":"bash/main.go:65","msg":"Successfully executed command \"mkdir -p /pvc/run-make/workspace\""}

Showing logs for build [32mcb-kubecd-bdd-ghfjxy-1568368509-fqfb2-3[0m stage [32mrun-make[0m and container [32mstep-source-copy-cb-kubecd-bdd-ghfjxy-1568368509-s2zgx[0m
{"level":"warn","ts":1568368982.2745101,"logger":"fallback-logger","caller":"logging/config.go:69","msg":"Fetch GitHub commit ID from kodata failed: open /var/run/ko/HEAD: no such file or directory"}
{"level":"info","ts":1568368982.2914863,"logger":"fallback-logger","caller":"bash/main.go:65","msg":"Successfully executed command \"cp -r /workspace/source/. /pvc/run-make/workspace\""}

Showing logs for build [32mcb-kubecd-bdd-ghfjxy-1568368509-fqfb2-3[0m stage [32meverything-else[0m and container [32mstep-credential-initializer-khlj7[0m
{"level":"warn","ts":1568368994.050472,"logger":"fallback-logger","caller":"logging/config.go:69","msg":"Fetch GitHub commit ID from kodata failed: \"ref: refs/heads/master\" is not a valid GitHub commit ID"}
{"level":"info","ts":1568368994.0511181,"logger":"fallback-logger","caller":"creds-init/main.go:40","msg":"Credentials initialized."}

Showing logs for build [32mcb-kubecd-bdd-ghfjxy-1568368509-fqfb2-3[0m stage [32meverything-else[0m and container [32mstep-working-dir-initializer-gjhwf[0m
{"level":"warn","ts":1568368994.9968834,"logger":"fallback-logger","caller":"logging/config.go:69","msg":"Fetch GitHub commit ID from kodata failed: open /var/run/ko/HEAD: no such file or directory"}
{"level":"info","ts":1568368995.001315,"logger":"fallback-logger","caller":"bash/main.go:65","msg":"Successfully executed command \"mkdir -p /workspace/source /workspace/source/charts/preview\""}

Showing logs for build [32mcb-kubecd-bdd-ghfjxy-1568368509-fqfb2-3[0m stage [32meverything-else[0m and container [32mstep-place-tools[0m

Showing logs for build [32mcb-kubecd-bdd-ghfjxy-1568368509-fqfb2-3[0m stage [32meverything-else[0m and container [32mstep-create-dir-workspace-lphtj[0m
{"level":"warn","ts":1568369000.0672588,"logger":"fallback-logger","caller":"logging/config.go:69","msg":"Fetch GitHub commit ID from kodata failed: open /var/run/ko/HEAD: no such file or directory"}
{"level":"info","ts":1568369000.068449,"logger":"fallback-logger","caller":"bash/main.go:65","msg":"Successfully executed command \"mkdir -p /workspace/source\""}

Showing logs for build [32mcb-kubecd-bdd-ghfjxy-1568368509-fqfb2-3[0m stage [32meverything-else[0m and container [32mstep-source-copy-workspace-5dsgp[0m
{"level":"warn","ts":1568369000.314212,"logger":"fallback-logger","caller":"logging/config.go:69","msg":"Fetch GitHub commit ID from kodata failed: open /var/run/ko/HEAD: no such file or directory"}
{"level":"info","ts":1568369000.6696799,"logger":"fallback-logger","caller":"bash/main.go:65","msg":"Successfully executed command \"cp -r /pvc/run-make/workspace/. /workspace/source\""}

Showing logs for build [32mcb-kubecd-bdd-ghfjxy-1568368509-fqfb2-3[0m stage [32meverything-else[0m and container [32mstep-build-container-build[0m
[36mINFO[0m[0000] No base image, nothing to extract            
[36mINFO[0m[0000] cmd: EXPOSE                                  
[36mINFO[0m[0000] Adding exposed port: 8080/tcp                
[36mINFO[0m[0000] Using files from context: [/workspace/source/bin] 
[36mINFO[0m[0000] Skipping unpacking as no commands require it. 
[36mINFO[0m[0000] Taking snapshot of full filesystem...        
[36mINFO[0m[0000] EXPOSE 8080                                  
[36mINFO[0m[0000] cmd: EXPOSE                                  
[36mINFO[0m[0000] Adding exposed port: 8080/tcp                
[36mINFO[0m[0000] No files changed in this command, skipping snapshotting. 
[36mINFO[0m[0000] ENTRYPOINT ["/bdd-ghf**y-1568368509"]        
[36mINFO[0m[0000] No files changed in this command, skipping snapshotting. 
[36mINFO[0m[0000] Using files from context: [/workspace/source/bin] 
[36mINFO[0m[0000] COPY ./bin/ /                                
[36mINFO[0m[0000] Taking snapshot of files...                  
2019/09/13 10:03:25 pushed blob: sha256:d8a4bd2875cb453577bd461a0d5d19f81057958530311a978857f4fc42aa5952
2019/09/13 10:03:26 pushed blob: sha256:05c71832910289f71afb69d7b8d17aee4a0a11397d2dd5ba856910ac782f85a5
2019/09/13 10:03:27 gcr.io/jenkins-x-bdd3/bdd-ghf**y-1568368509:0.0.0-SNAPSHOT-PR-1-3: digest: sha256:cee451b9a7a1fd924a8bdb4dfb50c229bfd70b5a3d58092fe9a28da22d07b2d6 size: 428

Showing logs for build [32mcb-kubecd-bdd-ghfjxy-1568368509-fqfb2-3[0m stage [32meverything-else[0m and container [32mstep-postbuild-post-build[0m
no CVE provider running in the current ** namespace so skip adding image to be analysed

Showing logs for build [32mcb-kubecd-bdd-ghfjxy-1568368509-fqfb2-3[0m stage [32meverything-else[0m and container [32mstep-promote-make-preview[0m
sed -i -e "s/version:.*/version: 0.0.0-SNAPSHOT-PR-1-3/" Chart.yaml
sed -i -e "s/version:.*/version: 0.0.0-SNAPSHOT-PR-1-3/" ../*/Chart.yaml
sed -i -e "s|repository:.*|repository: gcr.io\/jenkins-x-bdd3\/bdd-ghf**y-1568368509|" values.yaml
sed -i -e "s/tag:.*/tag: 0.0.0-SNAPSHOT-PR-1-3/" values.yaml
echo "  version: 0.0.0-SNAPSHOT-PR-1-3" >> requirements.yaml
** step helm build
WARNING: No $CHART_REPOSITORY defined so using the default value of: http://jenkins-x-chartmuseum:8080
Adding missing Helm repo: storage.googleapis.com https://storage.googleapis.com/chartmuseum.jenkins-x.io
Successfully added Helm repository storage.googleapis.com.
Adding missing Helm repo: jenkins-x-chartmuseum http://jenkins-x-chartmuseum:8080
Successfully added Helm repository jenkins-x-chartmuseum.
WARNING: No $CHART_REPOSITORY defined so using the default value of: http://jenkins-x-chartmuseum:8080
Adding missing Helm repo: chartmuseum.jenkins-x.io http://chartmuseum.jenkins-x.io
Successfully added Helm repository chartmuseum.jenkins-x.io.

Showing logs for build [32mcb-kubecd-bdd-ghfjxy-1568368509-fqfb2-3[0m stage [32meverything-else[0m and container [32mstep-promote-jx-preview[0m
Creating a preview
WARNING: No author for commit: dc8679e29731559852dcf5f9de380f25c1ed966b
Created environment cb-kubecd-bdd-ghf**y-1568368509-pr-1
Namespace **-cb-kubecd-bdd-ghf**y-1568368509-pr-1 created 
expose:
  Annotations:
    helm.sh/hook: post-install,post-upgrade
    helm.sh/hook-delete-policy: hook-succeeded
  config:
    domain: 35.189.252.220.nip.io
    exposer: Ingress
    http: "true"
preview:
  image:
    repository: gcr.io/jenkins-x-bdd3/bdd-ghf**y-1568368509
    tag: 0.0.0-SNAPSHOT-PR-1-3
Deleting and cloning the Jenkins X versions repo
Cloning the Jenkins X versions repo https://github.com/jenkins-x/jenkins-x-versions.git with ref refs/heads/master to /builder/home/.**/jenkins-x-versions


Updating PipelineActivities cb-kubecd-bdd-ghf**y-1568368509-pr-1-3 which has status Running
Preview application is now available at: http://bdd-ghf**y-1568368509.**-cb-kubecd-bdd-ghf**y-1568368509-pr-1.35.189.252.220.nip.io
